2025-10-23 18:24:05,058_DEBUG: This is a debug message.
2025-10-23 18:24:05,058_INFO: This is an info message.
2025-10-23 18:24:05,059_WARNING: This is a warning message.
2025-10-23 18:24:05,059_ERROR: This is an eror message.
2025-10-23 18:24:05,059_CRITICAL: This is a critical message.
2025-10-23 18:28:30,563_DEBUG: This is a debug message.
2025-10-23 18:28:30,563_INFO: This is an info message.
2025-10-23 18:28:30,563_WARNING: This is a warning message.
2025-10-23 18:28:30,563_ERROR: This is an eror message.
2025-10-23 18:28:30,563_CRITICAL: This is a critical message.
2025-10-23 18:28:32,740_DEBUG: This is a debug message.
2025-10-23 18:28:32,740_INFO: This is an info message.
2025-10-23 18:28:32,741_WARNING: This is a warning message.
2025-10-23 18:28:32,741_ERROR: This is an eror message.
2025-10-23 18:28:32,741_CRITICAL: This is a critical message.
2025-10-23 18:45:36,335_DEBUG: This is a debug message.
2025-10-23 18:45:36,335_INFO: This is an info message.
2025-10-23 18:45:36,335_WARNING: This is a warning message.
2025-10-23 18:45:36,335_ERROR: This is an eror message.
2025-10-23 18:45:36,335_CRITICAL: This is a critical message.
